Vivado Simulator 2019.2
Copyright 1986-1999, 2001-2019 Xilinx, Inc. All Rights Reserved.
Running: C:/Xilinx-2019/Vivado/2019.2/bin/unwrapped/win64.o/xelab.exe -wto 53535327eabe4993b7d6989b9b237616 --incr --debug typical --relax --mt 2 -L xil_defaultlib -L unisims_ver -L unimacro_ver -L secureip -L xpm --snapshot final_design_wrapper_tb_behav xil_defaultlib.final_design_wrapper_tb xil_defaultlib.glbl -log elaborate.log 
Using 2 slave threads.
Starting static elaboration
Pass Through NonSizing Optimizer
Completed static elaboration
Starting simulation data flow analysis
Completed simulation data flow analysis
Time Resolution for simulation is 1ps
Compiling module xil_defaultlib.ALU
Compiling module xil_defaultlib.final_design_ALU_0_0
Compiling module xil_defaultlib.Accumulator
Compiling module xil_defaultlib.final_design_Accumulator_0_0
Compiling module xil_defaultlib.Instruction_Decoder
Compiling module xil_defaultlib.final_design_Instruction_Decoder...
Compiling module xil_defaultlib.Instruction_Register
Compiling module xil_defaultlib.final_design_Instruction_Registe...
Compiling module xil_defaultlib.MUX
Compiling module xil_defaultlib.final_design_MUX_0_0
Compiling module xil_defaultlib.final_design_MUX_1_0
Compiling module xil_defaultlib.Program_counter
Compiling module xil_defaultlib.final_design_Program_counter_0_0
Compiling module xil_defaultlib.ROM
Compiling module xil_defaultlib.final_design_ROM_0_0
Compiling module xil_defaultlib.Register_A
Compiling module xil_defaultlib.final_design_Register_A_0_0
Compiling module xil_defaultlib.Register_B
Compiling module xil_defaultlib.final_design_Register_B_0_0
Compiling module xil_defaultlib.Register_O
Compiling module xil_defaultlib.final_design_Register_O_0_0
Compiling module xil_defaultlib.Shifter
Compiling module xil_defaultlib.final_design_Shifter_0_0
Compiling module xil_defaultlib.final_design
Compiling module xil_defaultlib.final_design_wrapper
Compiling module xil_defaultlib.final_design_wrapper_tb
Compiling module xil_defaultlib.glbl
Built simulation snapshot final_design_wrapper_tb_behav
