
*** Running vivado
    with args -log final_design_Accumulator_0_0.vds -m64 -product Vivado -mode batch -messageDb vivado.pb -notrace -source final_design_Accumulator_0_0.tcl


****** Vivado v2019.2 (64-bit)
  **** SW Build 2700185 on Thu Oct 24 18:46:05 MDT 2019
  **** IP Build 2699827 on Thu Oct 24 21:16:38 MDT 2019
    ** Copyright 1986-2019 Xilinx, Inc. All Rights Reserved.

source final_design_Accumulator_0_0.tcl -notrace
Command: synth_design -top final_design_Accumulator_0_0 -part xc7a100tcsg324-1 -mode out_of_context
Starting synth_design
WARNING: [IP_Flow 19-3571] IP 'final_design_Accumulator_0_0' is restricted:
* Module reference is stale and needs refreshing.
Attempting to get a license for feature 'Synthesis' and/or device 'xc7a100t'
INFO: [Common 17-349] Got license for feature 'Synthesis' and/or device 'xc7a100t'
INFO: Launching helper process for spawning children vivado processes
INFO: Helper process launched with PID 16624 
---------------------------------------------------------------------------------
Starting Synthesize : Time (s): cpu = 00:00:05 ; elapsed = 00:00:05 . Memory (MB): peak = 721.195 ; gain = 240.348
---------------------------------------------------------------------------------
INFO: [Synth 8-6157] synthesizing module 'final_design_Accumulator_0_0' [u:/EEE228/EEE228_Microprocessor/Microprocessor/Microprocessor.srcs/sources_1/bd/final_design/ip/final_design_Accumulator_0_0/synth/final_design_Accumulator_0_0.v:58]
INFO: [Synth 8-6157] synthesizing module 'Accumulator' [U:/EEE228/EEE228_Microprocessor/Microprocessor/Microprocessor.srcs/sources_1/new/Accumulator.v:23]
ERROR: [Synth 8-434] mixed level sensitive and edge triggered event controls are not supported for synthesis [U:/EEE228/EEE228_Microprocessor/Microprocessor/Microprocessor.srcs/sources_1/new/Accumulator.v:29]
ERROR: [Synth 8-6156] failed synthesizing module 'Accumulator' [U:/EEE228/EEE228_Microprocessor/Microprocessor/Microprocessor.srcs/sources_1/new/Accumulator.v:23]
ERROR: [Synth 8-6156] failed synthesizing module 'final_design_Accumulator_0_0' [u:/EEE228/EEE228_Microprocessor/Microprocessor/Microprocessor.srcs/sources_1/bd/final_design/ip/final_design_Accumulator_0_0/synth/final_design_Accumulator_0_0.v:58]
---------------------------------------------------------------------------------
Finished Synthesize : Time (s): cpu = 00:00:06 ; elapsed = 00:00:07 . Memory (MB): peak = 793.871 ; gain = 313.023
---------------------------------------------------------------------------------
synthesize failed
INFO: [Common 17-83] Releasing license: Synthesis
4 Infos, 1 Warnings, 0 Critical Warnings and 4 Errors encountered.
synth_design failed
ERROR: [Common 17-69] Command failed: Vivado Synthesis failed
INFO: [Common 17-206] Exiting Vivado at Fri Mar 15 15:26:57 2024...
