#-----------------------------------------------------------
# Vivado v2019.2 (64-bit)
# SW Build 2708876 on Wed Nov  6 21:40:23 MST 2019
# IP Build 2700528 on Thu Nov  7 00:09:20 MST 2019
# Start of session at: Fri Feb 16 14:47:25 2024
# Process ID: 24284
# Current directory: D:/CODE/EEE228_Microprocessor/Microprocessor/Microprocessor
# Command line: vivado.exe -gui_launcher_event rodinguilauncherevent26464 D:\CODE\EEE228_Microprocessor\Microprocessor\Microprocessor\Microprocessor.xpr
# Log file: D:/CODE/EEE228_Microprocessor/Microprocessor/Microprocessor/vivado.log
# Journal file: D:/CODE/EEE228_Microprocessor/Microprocessor/Microprocessor\vivado.jou
#-----------------------------------------------------------
start_gui
open_project D:/CODE/EEE228_Microprocessor/Microprocessor/Microprocessor/Microprocessor.xpr
INFO: [Project 1-313] Project file moved from 'C:/Users/12117/Downloads/Microprocessor/Microprocessor' since last save.
Scanning sources...
Finished scanning sources
INFO: [IP_Flow 19-234] Refreshing IP repositories
INFO: [IP_Flow 19-1704] No user IP repositories specified
INFO: [IP_Flow 19-2313] Loaded Vivado IP repository 'D:/Vivado_2019/Vivado/2019.2/data/ip'.
open_project: Time (s): cpu = 00:00:07 ; elapsed = 00:00:12 . Memory (MB): peak = 921.242 ; gain = 242.867
update_compile_order -fileset sources_1
close [ open D:/CODE/EEE228_Microprocessor/Microprocessor/Microprocessor/Microprocessor.srcs/sources_1/new/Instruction_Decoder.v w ]
add_files D:/CODE/EEE228_Microprocessor/Microprocessor/Microprocessor/Microprocessor.srcs/sources_1/new/Instruction_Decoder.v
update_compile_order -fileset sources_1
set_property SOURCE_SET sources_1 [get_filesets sim_1]
close [ open D:/CODE/EEE228_Microprocessor/Microprocessor/Microprocessor/Microprocessor.srcs/sim_1/new/LD_A_td.v w ]
add_files -fileset sim_1 D:/CODE/EEE228_Microprocessor/Microprocessor/Microprocessor/Microprocessor.srcs/sim_1/new/LD_A_td.v
update_compile_order -fileset sim_1
launch_simulation
Command: launch_simulation 
INFO: [Vivado 12-5682] Launching behavioral simulation in 'D:/CODE/EEE228_Microprocessor/Microprocessor/Microprocessor/Microprocessor.sim/sim_1/behav/xsim'
INFO: [SIM-utils-51] Simulation object is 'sim_1'
INFO: [SIM-utils-54] Inspecting design source files for 'ALU_tb' in fileset 'sim_1'...
INFO: [USF-XSim-97] Finding global include files...
INFO: [USF-XSim-98] Fetching design files from 'sim_1'...
INFO: [USF-XSim-2] XSim::Compile design
INFO: [USF-XSim-61] Executing 'COMPILE and ANALYZE' step in 'D:/CODE/EEE228_Microprocessor/Microprocessor/Microprocessor/Microprocessor.sim/sim_1/behav/xsim'
"xvlog --incr --relax -prj ALU_tb_vlog.prj"
INFO: [VRFC 10-2263] Analyzing Verilog file "D:/CODE/EEE228_Microprocessor/Microprocessor/Microprocessor/Microprocessor.srcs/sources_1/new/ALU.v" into library xil_defaultlib
INFO: [VRFC 10-311] analyzing module ALU
ERROR: [VRFC 10-2989] 'O' is not declared [D:/CODE/EEE228_Microprocessor/Microprocessor/Microprocessor/Microprocessor.srcs/sources_1/new/ALU.v:31]
ERROR: [VRFC 10-2865] module 'ALU' ignored due to previous errors [D:/CODE/EEE228_Microprocessor/Microprocessor/Microprocessor/Microprocessor.srcs/sources_1/new/ALU.v:1]
INFO: [USF-XSim-69] 'compile' step finished in '4' seconds
INFO: [USF-XSim-99] Step results log file:'D:/CODE/EEE228_Microprocessor/Microprocessor/Microprocessor/Microprocessor.sim/sim_1/behav/xsim/xvlog.log'
ERROR: [USF-XSim-62] 'compile' step failed with error(s). Please check the Tcl console output or 'D:/CODE/EEE228_Microprocessor/Microprocessor/Microprocessor/Microprocessor.sim/sim_1/behav/xsim/xvlog.log' file for more information.
ERROR: [Vivado 12-4473] Detected error while running simulation. Please correct the issue and retry this operation.
ERROR: [Common 17-39] 'launch_simulation' failed due to earlier errors.
launch_simulation
Command: launch_simulation 
INFO: [Vivado 12-5682] Launching behavioral simulation in 'D:/CODE/EEE228_Microprocessor/Microprocessor/Microprocessor/Microprocessor.sim/sim_1/behav/xsim'
INFO: [SIM-utils-51] Simulation object is 'sim_1'
INFO: [SIM-utils-54] Inspecting design source files for 'ALU_tb' in fileset 'sim_1'...
INFO: [USF-XSim-97] Finding global include files...
INFO: [USF-XSim-98] Fetching design files from 'sim_1'...
INFO: [USF-XSim-2] XSim::Compile design
INFO: [USF-XSim-61] Executing 'COMPILE and ANALYZE' step in 'D:/CODE/EEE228_Microprocessor/Microprocessor/Microprocessor/Microprocessor.sim/sim_1/behav/xsim'
"xvlog --incr --relax -prj ALU_tb_vlog.prj"
INFO: [VRFC 10-2263] Analyzing Verilog file "D:/CODE/EEE228_Microprocessor/Microprocessor/Microprocessor/Microprocessor.srcs/sources_1/new/ALU.v" into library xil_defaultlib
INFO: [VRFC 10-311] analyzing module ALU
ERROR: [VRFC 10-2989] 'O' is not declared [D:/CODE/EEE228_Microprocessor/Microprocessor/Microprocessor/Microprocessor.srcs/sources_1/new/ALU.v:31]
ERROR: [VRFC 10-2865] module 'ALU' ignored due to previous errors [D:/CODE/EEE228_Microprocessor/Microprocessor/Microprocessor/Microprocessor.srcs/sources_1/new/ALU.v:1]
INFO: [USF-XSim-69] 'compile' step finished in '3' seconds
INFO: [USF-XSim-99] Step results log file:'D:/CODE/EEE228_Microprocessor/Microprocessor/Microprocessor/Microprocessor.sim/sim_1/behav/xsim/xvlog.log'
ERROR: [USF-XSim-62] 'compile' step failed with error(s). Please check the Tcl console output or 'D:/CODE/EEE228_Microprocessor/Microprocessor/Microprocessor/Microprocessor.sim/sim_1/behav/xsim/xvlog.log' file for more information.
ERROR: [Vivado 12-4473] Detected error while running simulation. Please correct the issue and retry this operation.
ERROR: [Common 17-39] 'launch_simulation' failed due to earlier errors.
launch_simulation
Command: launch_simulation 
INFO: [Vivado 12-5682] Launching behavioral simulation in 'D:/CODE/EEE228_Microprocessor/Microprocessor/Microprocessor/Microprocessor.sim/sim_1/behav/xsim'
INFO: [SIM-utils-51] Simulation object is 'sim_1'
INFO: [SIM-utils-54] Inspecting design source files for 'ALU_tb' in fileset 'sim_1'...
INFO: [USF-XSim-97] Finding global include files...
INFO: [USF-XSim-98] Fetching design files from 'sim_1'...
INFO: [USF-XSim-2] XSim::Compile design
INFO: [USF-XSim-61] Executing 'COMPILE and ANALYZE' step in 'D:/CODE/EEE228_Microprocessor/Microprocessor/Microprocessor/Microprocessor.sim/sim_1/behav/xsim'
"xvlog --incr --relax -prj ALU_tb_vlog.prj"
INFO: [VRFC 10-2263] Analyzing Verilog file "D:/CODE/EEE228_Microprocessor/Microprocessor/Microprocessor/Microprocessor.srcs/sources_1/new/ALU.v" into library xil_defaultlib
INFO: [VRFC 10-311] analyzing module ALU
ERROR: [VRFC 10-2989] 'O' is not declared [D:/CODE/EEE228_Microprocessor/Microprocessor/Microprocessor/Microprocessor.srcs/sources_1/new/ALU.v:31]
ERROR: [VRFC 10-2865] module 'ALU' ignored due to previous errors [D:/CODE/EEE228_Microprocessor/Microprocessor/Microprocessor/Microprocessor.srcs/sources_1/new/ALU.v:1]
INFO: [USF-XSim-69] 'compile' step finished in '3' seconds
INFO: [USF-XSim-99] Step results log file:'D:/CODE/EEE228_Microprocessor/Microprocessor/Microprocessor/Microprocessor.sim/sim_1/behav/xsim/xvlog.log'
ERROR: [USF-XSim-62] 'compile' step failed with error(s). Please check the Tcl console output or 'D:/CODE/EEE228_Microprocessor/Microprocessor/Microprocessor/Microprocessor.sim/sim_1/behav/xsim/xvlog.log' file for more information.
ERROR: [Vivado 12-4473] Detected error while running simulation. Please correct the issue and retry this operation.
ERROR: [Common 17-39] 'launch_simulation' failed due to earlier errors.
WARNING: [filemgmt 56-199] Attempt to get parsing info during refresh. "On-the-fly" syntax checking information may be incorrect. [D:\CODE\EEE228_Microprocessor\Microprocessor\Microprocessor\Microprocessor.srcs\sources_1\new\Register_A.v:]
WARNING: [filemgmt 56-199] Attempt to get parsing info during refresh. "On-the-fly" syntax checking information may be incorrect. [D:\CODE\EEE228_Microprocessor\Microprocessor\Microprocessor\Microprocessor.srcs\sources_1\new\Instruction_Decoder.v:]
WARNING: [filemgmt 56-199] Attempt to get parsing info during refresh. "On-the-fly" syntax checking information may be incorrect. [D:\CODE\EEE228_Microprocessor\Microprocessor\Microprocessor\Microprocessor.srcs\sim_1\new\LD_A_td.v:]
WARNING: [filemgmt 56-199] Attempt to get parsing info during refresh. "On-the-fly" syntax checking information may be incorrect. [D:\CODE\EEE228_Microprocessor\Microprocessor\Microprocessor\Microprocessor.srcs\sources_1\new\Accumulater.v:]
WARNING: [filemgmt 56-199] Attempt to get parsing info during refresh. "On-the-fly" syntax checking information may be incorrect. [D:\CODE\EEE228_Microprocessor\Microprocessor\Microprocessor\Microprocessor.srcs\sources_1\new\ALU.v:]
WARNING: [filemgmt 56-199] Attempt to get parsing info during refresh. "On-the-fly" syntax checking information may be incorrect. [D:\CODE\EEE228_Microprocessor\Microprocessor\Microprocessor\Microprocessor.srcs\sources_1\new\Shifter.v:]
WARNING: [filemgmt 56-199] Attempt to get parsing info during refresh. "On-the-fly" syntax checking information may be incorrect. [D:\CODE\EEE228_Microprocessor\Microprocessor\Microprocessor\Microprocessor.srcs\sim_1\new\ALU_tb.v:]
WARNING: [filemgmt 56-199] Attempt to get parsing info during refresh. "On-the-fly" syntax checking information may be incorrect. [D:\CODE\EEE228_Microprocessor\Microprocessor\Microprocessor\Microprocessor.srcs\sources_1\new\Register_A.v:]
WARNING: [filemgmt 56-199] Attempt to get parsing info during refresh. "On-the-fly" syntax checking information may be incorrect. [D:\CODE\EEE228_Microprocessor\Microprocessor\Microprocessor\Microprocessor.srcs\sources_1\new\Instruction_Decoder.v:]
WARNING: [filemgmt 56-199] Attempt to get parsing info during refresh. "On-the-fly" syntax checking information may be incorrect. [D:\CODE\EEE228_Microprocessor\Microprocessor\Microprocessor\Microprocessor.srcs\sim_1\new\LD_A_td.v:]
WARNING: [filemgmt 56-199] Attempt to get parsing info during refresh. "On-the-fly" syntax checking information may be incorrect. [D:\CODE\EEE228_Microprocessor\Microprocessor\Microprocessor\Microprocessor.srcs\sources_1\new\Accumulater.v:]
WARNING: [filemgmt 56-199] Attempt to get parsing info during refresh. "On-the-fly" syntax checking information may be incorrect. [D:\CODE\EEE228_Microprocessor\Microprocessor\Microprocessor\Microprocessor.srcs\sources_1\new\ALU.v:]
WARNING: [filemgmt 56-199] Attempt to get parsing info during refresh. "On-the-fly" syntax checking information may be incorrect. [D:\CODE\EEE228_Microprocessor\Microprocessor\Microprocessor\Microprocessor.srcs\sources_1\new\Shifter.v:]
WARNING: [filemgmt 56-199] Attempt to get parsing info during refresh. "On-the-fly" syntax checking information may be incorrect. [D:\CODE\EEE228_Microprocessor\Microprocessor\Microprocessor\Microprocessor.srcs\sim_1\new\ALU_tb.v:]
WARNING: [filemgmt 56-199] Attempt to get parsing info during refresh. "On-the-fly" syntax checking information may be incorrect. [D:\CODE\EEE228_Microprocessor\Microprocessor\Microprocessor\Microprocessor.srcs\sources_1\new\Register_A.v:]
WARNING: [filemgmt 56-199] Attempt to get parsing info during refresh. "On-the-fly" syntax checking information may be incorrect. [D:\CODE\EEE228_Microprocessor\Microprocessor\Microprocessor\Microprocessor.srcs\sources_1\new\Instruction_Decoder.v:]
WARNING: [filemgmt 56-199] Attempt to get parsing info during refresh. "On-the-fly" syntax checking information may be incorrect. [D:\CODE\EEE228_Microprocessor\Microprocessor\Microprocessor\Microprocessor.srcs\sim_1\new\LD_A_td.v:]
WARNING: [filemgmt 56-199] Attempt to get parsing info during refresh. "On-the-fly" syntax checking information may be incorrect. [D:\CODE\EEE228_Microprocessor\Microprocessor\Microprocessor\Microprocessor.srcs\sources_1\new\Accumulater.v:]
WARNING: [filemgmt 56-199] Attempt to get parsing info during refresh. "On-the-fly" syntax checking information may be incorrect. [D:\CODE\EEE228_Microprocessor\Microprocessor\Microprocessor\Microprocessor.srcs\sources_1\new\ALU.v:]
WARNING: [filemgmt 56-199] Attempt to get parsing info during refresh. "On-the-fly" syntax checking information may be incorrect. [D:\CODE\EEE228_Microprocessor\Microprocessor\Microprocessor\Microprocessor.srcs\sources_1\new\Shifter.v:]
WARNING: [filemgmt 56-199] Attempt to get parsing info during refresh. "On-the-fly" syntax checking information may be incorrect. [D:\CODE\EEE228_Microprocessor\Microprocessor\Microprocessor\Microprocessor.srcs\sim_1\new\ALU_tb.v:]
WARNING: [filemgmt 56-199] Attempt to get parsing info during refresh. "On-the-fly" syntax checking information may be incorrect. [D:\CODE\EEE228_Microprocessor\Microprocessor\Microprocessor\Microprocessor.srcs\sources_1\new\Register_A.v:]
WARNING: [filemgmt 56-199] Attempt to get parsing info during refresh. "On-the-fly" syntax checking information may be incorrect. [D:\CODE\EEE228_Microprocessor\Microprocessor\Microprocessor\Microprocessor.srcs\sources_1\new\Instruction_Decoder.v:]
WARNING: [filemgmt 56-199] Attempt to get parsing info during refresh. "On-the-fly" syntax checking information may be incorrect. [D:\CODE\EEE228_Microprocessor\Microprocessor\Microprocessor\Microprocessor.srcs\sim_1\new\LD_A_td.v:]
WARNING: [filemgmt 56-199] Attempt to get parsing info during refresh. "On-the-fly" syntax checking information may be incorrect. [D:\CODE\EEE228_Microprocessor\Microprocessor\Microprocessor\Microprocessor.srcs\sources_1\new\Accumulater.v:]
WARNING: [filemgmt 56-199] Attempt to get parsing info during refresh. "On-the-fly" syntax checking information may be incorrect. [D:\CODE\EEE228_Microprocessor\Microprocessor\Microprocessor\Microprocessor.srcs\sources_1\new\ALU.v:]
WARNING: [filemgmt 56-199] Attempt to get parsing info during refresh. "On-the-fly" syntax checking information may be incorrect. [D:\CODE\EEE228_Microprocessor\Microprocessor\Microprocessor\Microprocessor.srcs\sources_1\new\Shifter.v:]
WARNING: [filemgmt 56-199] Attempt to get parsing info during refresh. "On-the-fly" syntax checking information may be incorrect. [D:\CODE\EEE228_Microprocessor\Microprocessor\Microprocessor\Microprocessor.srcs\sim_1\new\ALU_tb.v:]
WARNING: [filemgmt 56-199] Attempt to get parsing info during refresh. "On-the-fly" syntax checking information may be incorrect. [D:\CODE\EEE228_Microprocessor\Microprocessor\Microprocessor\Microprocessor.srcs\sources_1\new\Register_A.v:]
WARNING: [filemgmt 56-199] Attempt to get parsing info during refresh. "On-the-fly" syntax checking information may be incorrect. [D:\CODE\EEE228_Microprocessor\Microprocessor\Microprocessor\Microprocessor.srcs\sources_1\new\Instruction_Decoder.v:]
WARNING: [filemgmt 56-199] Attempt to get parsing info during refresh. "On-the-fly" syntax checking information may be incorrect. [D:\CODE\EEE228_Microprocessor\Microprocessor\Microprocessor\Microprocessor.srcs\sim_1\new\LD_A_td.v:]
WARNING: [filemgmt 56-199] Attempt to get parsing info during refresh. "On-the-fly" syntax checking information may be incorrect. [D:\CODE\EEE228_Microprocessor\Microprocessor\Microprocessor\Microprocessor.srcs\sources_1\new\Accumulater.v:]
WARNING: [filemgmt 56-199] Attempt to get parsing info during refresh. "On-the-fly" syntax checking information may be incorrect. [D:\CODE\EEE228_Microprocessor\Microprocessor\Microprocessor\Microprocessor.srcs\sources_1\new\ALU.v:]
WARNING: [filemgmt 56-199] Attempt to get parsing info during refresh. "On-the-fly" syntax checking information may be incorrect. [D:\CODE\EEE228_Microprocessor\Microprocessor\Microprocessor\Microprocessor.srcs\sources_1\new\Shifter.v:]
WARNING: [filemgmt 56-199] Attempt to get parsing info during refresh. "On-the-fly" syntax checking information may be incorrect. [D:\CODE\EEE228_Microprocessor\Microprocessor\Microprocessor\Microprocessor.srcs\sim_1\new\ALU_tb.v:]
ERROR: [Common 17-180] Spawn failed: No error
WARNING: [filemgmt 56-199] Attempt to get parsing info during refresh. "On-the-fly" syntax checking information may be incorrect. [D:\CODE\EEE228_Microprocessor\Microprocessor\Microprocessor\Microprocessor.srcs\sources_1\new\Register_A.v:]
WARNING: [filemgmt 56-199] Attempt to get parsing info during refresh. "On-the-fly" syntax checking information may be incorrect. [D:\CODE\EEE228_Microprocessor\Microprocessor\Microprocessor\Microprocessor.srcs\sources_1\new\Instruction_Decoder.v:]
WARNING: [filemgmt 56-199] Attempt to get parsing info during refresh. "On-the-fly" syntax checking information may be incorrect. [D:\CODE\EEE228_Microprocessor\Microprocessor\Microprocessor\Microprocessor.srcs\sim_1\new\LD_A_td.v:]
WARNING: [filemgmt 56-199] Attempt to get parsing info during refresh. "On-the-fly" syntax checking information may be incorrect. [D:\CODE\EEE228_Microprocessor\Microprocessor\Microprocessor\Microprocessor.srcs\sources_1\new\Accumulater.v:]
WARNING: [filemgmt 56-199] Attempt to get parsing info during refresh. "On-the-fly" syntax checking information may be incorrect. [D:\CODE\EEE228_Microprocessor\Microprocessor\Microprocessor\Microprocessor.srcs\sources_1\new\ALU.v:]
WARNING: [filemgmt 56-199] Attempt to get parsing info during refresh. "On-the-fly" syntax checking information may be incorrect. [D:\CODE\EEE228_Microprocessor\Microprocessor\Microprocessor\Microprocessor.srcs\sources_1\new\Shifter.v:]
WARNING: [filemgmt 56-199] Attempt to get parsing info during refresh. "On-the-fly" syntax checking information may be incorrect. [D:\CODE\EEE228_Microprocessor\Microprocessor\Microprocessor\Microprocessor.srcs\sim_1\new\ALU_tb.v:]
ERROR: [Common 17-180] Spawn failed: No error
exit
INFO: [Common 17-206] Exiting Vivado at Fri Feb 16 16:03:28 2024...
